0 info it worked if it ends with ok
1 verbose cli [ 'node',
1 verbose cli   '/usr/local/bin/npm',
1 verbose cli   'install',
1 verbose cli   'prism-package',
1 verbose cli   '--save' ]
2 info using npm@1.4.28
3 info using node@v0.10.36
4 warn package.json webgl-without-three.js-using-browserify-browserify-shader-and-gl-mat4@1.0.0 No description
5 warn package.json webgl-without-three.js-using-browserify-browserify-shader-and-gl-mat4@1.0.0 No repository field.
6 warn package.json webgl-without-three.js-using-browserify-browserify-shader-and-gl-mat4@1.0.0 No README data
7 verbose readDependencies using package.json deps
8 verbose cache add [ 'prism-package', null ]
9 verbose cache add name=undefined spec="prism-package" args=["prism-package",null]
10 verbose parsed url { protocol: null,
10 verbose parsed url   slashes: null,
10 verbose parsed url   auth: null,
10 verbose parsed url   host: null,
10 verbose parsed url   port: null,
10 verbose parsed url   hostname: null,
10 verbose parsed url   hash: null,
10 verbose parsed url   search: null,
10 verbose parsed url   query: null,
10 verbose parsed url   pathname: 'prism-package',
10 verbose parsed url   path: 'prism-package',
10 verbose parsed url   href: 'prism-package' }
11 silly lockFile e6e17c4e-prism-package prism-package
12 verbose lock prism-package /Users/slakowske/.npm/e6e17c4e-prism-package.lock
13 silly lockFile e6e17c4e-prism-package prism-package
14 silly lockFile e6e17c4e-prism-package prism-package
15 verbose addNamed [ 'prism-package', '' ]
16 verbose addNamed [ null, '*' ]
17 silly lockFile da94e8d9-prism-package prism-package@
18 verbose lock prism-package@ /Users/slakowske/.npm/da94e8d9-prism-package.lock
19 silly addNameRange { name: 'prism-package', range: '*', hasData: false }
20 verbose request where is /prism-package
21 verbose request registry https://registry.npmjs.org/
22 verbose request id 1eec65062d0193c6
23 verbose url raw /prism-package
24 verbose url resolving [ 'https://registry.npmjs.org/', './prism-package' ]
25 verbose url resolved https://registry.npmjs.org/prism-package
26 verbose request where is https://registry.npmjs.org/prism-package
27 info trying registry request attempt 1 at 19:45:33
28 http GET https://registry.npmjs.org/prism-package
29 http 404 https://registry.npmjs.org/prism-package
30 silly registry.get cb [ 404,
30 silly registry.get   { 'content-type': 'application/json',
30 silly registry.get     'cache-control': 'max-age=0',
30 silly registry.get     'content-length': '2',
30 silly registry.get     'accept-ranges': 'bytes',
30 silly registry.get     date: 'Wed, 30 Sep 2015 00:45:33 GMT',
30 silly registry.get     via: '1.1 varnish',
30 silly registry.get     age: '0',
30 silly registry.get     connection: 'keep-alive',
30 silly registry.get     'x-served-by': 'cache-iad2131-IAD',
30 silly registry.get     'x-cache': 'MISS',
30 silly registry.get     'x-cache-hits': '0',
30 silly registry.get     'x-timer': 'S1443573933.734166,VS0,VE94' } ]
31 silly lockFile da94e8d9-prism-package prism-package@
32 silly lockFile da94e8d9-prism-package prism-package@
33 error 404 Not Found
33 error 404
33 error 404 'prism-package' is not in the npm registry.
33 error 404 You should bug the author to publish it
33 error 404 It was specified as a dependency of 'webgl-without-three.js-using-browserify-browserify-shader-and-gl-mat4'
33 error 404
33 error 404 Note that you can also install from a
33 error 404 tarball, folder, or http url, or git url.
34 error System Darwin 13.4.0
35 error command "node" "/usr/local/bin/npm" "install" "prism-package" "--save"
36 error cwd /Users/home/Blog/articles/webgl-without-three.js-using-browserify-browserify-shader-and-gl-mat4
37 error node -v v0.10.36
38 error npm -v 1.4.28
39 error code E404
40 verbose exit [ 1, true ]
